<?xml version="1.0" encoding="UTF-8"?>
<!-- Generated by org.testng.reporters.JUnitReportReporter -->
<testsuite ignored="0" hostname="DESKTOP-MFIB063" failures="0" tests="3" name="org.exa.TestSamp" time="3.192" errors="0" timestamp="20 Dec 2022 10:43:03 GMT" skipped="0">
  <testcase classname="org.exa.TestSamp" name="bing" time="0.512"/>
  <testcase classname="org.exa.TestSamp" name="yahoo" time="1.235"/>
  <testcase classname="org.exa.TestSamp" name="google" time="1.445"/>
</testsuite> <!-- org.exa.TestSamp -->
